build/app/intermediates/manifest_merge_blame_file/release/manifest-merger-blame-release-report.txt
1<?xml version="1.0" encoding="utf-8"?>
2<manifest xmlns:android="http://schemas.android.com/apk/res/android"
3    package="coeai.kkm.FaceNet"
4    android:versionCode="1"
5    android:versionName="1.0.0" >
6
7    <uses-sdk
8        android:minSdkVersion="21"
8-->src\main\AndroidManifest.xml
9        android:targetSdkVersion="29" />
9-->src\main\AndroidManifest.xml
10
11    <uses-permission android:name="android.permission.INTERNET" />
11-->[:google_sign_in] AndroidManifest.xml:7:5-67
11-->[:google_sign_in] AndroidManifest.xml:7:22-64
12    <uses-permission android:name="android.permission.READ_EXTERNAL_STORAGE" />
12-->[:image_picker] AndroidManifest.xml:7:5-80
12-->[:image_picker] AndroidManifest.xml:7:22-77
13    <uses-permission android:name="android.permission.WRITE_EXTERNAL_STORAGE" />
13-->[:image_picker] AndroidManifest.xml:8:5-81
13-->[:image_picker] AndroidManifest.xml:8:22-78
14    <uses-permission android:name="android.permission.CAMERA" />
14-->[:camera] AndroidManifest.xml:7:5-65
14-->[:camera] AndroidManifest.xml:7:22-62
15    <uses-permission android:name="android.permission.RECORD_AUDIO" /> <!-- Although the *SdkVersion is captured in gradle build files, this is required for non gradle builds -->
15-->[:camera] AndroidManifest.xml:8:5-71
15-->[:camera] AndroidManifest.xml:8:22-68
16    <!-- <uses-sdk android:minSdkVersion="14" /> -->
17    <uses-permission android:name="android.permission.ACCESS_NETWORK_STATE" />
17-->[com.google.firebase:firebase-firestore:22.0.0] AndroidManifest.xml:13:5-79
17-->[com.google.firebase:firebase-firestore:22.0.0] AndroidManifest.xml:13:22-76
18    <uses-permission android:name="android.permission.WAKE_LOCK" />
18-->[com.google.android.gms:play-services-measurement-api:18.0.0] AndroidManifest.xml:24:5-68
18-->[com.google.android.gms:play-services-measurement-api:18.0.0] AndroidManifest.xml:24:22-65
19    <uses-permission android:name="com.google.android.finsky.permission.BIND_GET_INSTALL_REFERRER_SERVICE" />
19-->[com.google.android.gms:play-services-measurement:18.0.0] AndroidManifest.xml:26:5-110
19-->[com.google.android.gms:play-services-measurement:18.0.0] AndroidManifest.xml:26:22-107
20    <!--
21 io.flutter.app.FlutterApplication is an android.app.Application that
22         calls FlutterMain.startInitialization(this); in its onCreate method.
23         In most cases you can leave this as-is, but you if you want to provide
24         additional functionality it is fine to subclass or reimplement
25         FlutterApplication and put your custom class here.
26    -->
27    <application
27-->src\main\AndroidManifest.xml:8:5-50:19
28        android:name="io.flutter.app.FlutterApplication"
28-->src\main\AndroidManifest.xml:9:9-57
29        android:appComponentFactory="androidx.core.app.CoreComponentFactory"
29-->[androidx.core:core:1.1.0] AndroidManifest.xml:24:18-86
30        android:icon="@mipmap/ic_launcher"
30-->src\main\AndroidManifest.xml:11:9-43
31        android:label="FRS Attendance" >
31-->src\main\AndroidManifest.xml:10:9-39
32        <activity
32-->src\main\AndroidManifest.xml:12:9-40:20
33            android:name="coeai.kkm.FaceNet.MainActivity"
33-->src\main\AndroidManifest.xml:13:13-41
34            android:configChanges="orientation|keyboardHidden|keyboard|screenSize|smallestScreenSize|locale|layoutDirection|fontScale|screenLayout|density|uiMode"
34-->src\main\AndroidManifest.xml:16:13-163
35            android:hardwareAccelerated="true"
35-->src\main\AndroidManifest.xml:17:13-47
36            android:launchMode="singleTop"
36-->src\main\AndroidManifest.xml:14:13-43
37            android:theme="@style/LaunchTheme"
37-->src\main\AndroidManifest.xml:15:13-47
38            android:windowSoftInputMode="adjustResize" >
38-->src\main\AndroidManifest.xml:18:13-55
39
40            <!--
41                 Specifies an Android theme to apply to this Activity as soon as
42                 the Android process has started. This theme is visible to the user
43                 while the Flutter UI initializes. After that, this theme continues
44                 to determine the Window background behind the Flutter UI.
45            -->
46            <meta-data
46-->src\main\AndroidManifest.xml:23:13-26:17
47                android:name="io.flutter.embedding.android.NormalTheme"
47-->src\main\AndroidManifest.xml:24:15-70
48                android:resource="@style/NormalTheme" />
48-->src\main\AndroidManifest.xml:25:15-52
49            <!--
50                 Displays an Android View that continues showing the launch screen
51                 Drawable until Flutter paints its first frame, then this splash
52                 screen fades out. A splash screen is useful to avoid any visual
53                 gap between the end of Android's launch screen and the painting of
54                 Flutter's first frame.
55            -->
56            <meta-data
56-->src\main\AndroidManifest.xml:32:13-35:17
57                android:name="io.flutter.embedding.android.SplashScreenDrawable"
57-->src\main\AndroidManifest.xml:33:15-79
58                android:resource="@drawable/launch_background" />
58-->src\main\AndroidManifest.xml:34:15-61
59
60            <intent-filter>
60-->src\main\AndroidManifest.xml:36:13-39:29
61                <action android:name="android.intent.action.MAIN" />
61-->src\main\AndroidManifest.xml:37:17-68
61-->src\main\AndroidManifest.xml:37:25-66
62
63                <category android:name="android.intent.category.LAUNCHER" />
63-->src\main\AndroidManifest.xml:38:17-76
63-->src\main\AndroidManifest.xml:38:27-74
64            </intent-filter>
65        </activity>
66        <!--
67             Don't delete the meta-data below.
68             This is used by the Flutter tool to generate GeneratedPluginRegistrant.java
69        -->
70        <meta-data
70-->src\main\AndroidManifest.xml:43:9-45:33
71            android:name="flutterEmbedding"
71-->src\main\AndroidManifest.xml:44:13-44
72            android:value="2" />
72-->src\main\AndroidManifest.xml:45:13-30
73        <meta-data
73-->src\main\AndroidManifest.xml:46:10-48:35
74            android:name="com.google.firebase.ml.vision.DEPENDENCIES"
74-->src\main\AndroidManifest.xml:47:13-70
75            android:value="ocr" />
75-->src\main\AndroidManifest.xml:48:13-32
76        <!-- To use multiple models: android:value="ocr,label,barcode,face" -->
77        <service
77-->[:cloud_firestore] AndroidManifest.xml:8:9-12:19
78            android:name="com.google.firebase.components.ComponentDiscoveryService"
78-->[:cloud_firestore] AndroidManifest.xml:8:18-89
79            android:directBootAware="true"
79-->[com.google.firebase:firebase-common:19.4.0] AndroidManifest.xml:35:13-43
80            android:exported="false" >
80-->[com.google.firebase:firebase-auth-ktx:20.0.1] AndroidManifest.xml:10:13-37
81            <meta-data
81-->[:cloud_firestore] AndroidManifest.xml:9:13-11:85
82                android:name="com.google.firebase.components:io.flutter.plugins.firebase.firestore.FlutterFirebaseFirestoreRegistrar"
82-->[:cloud_firestore] AndroidManifest.xml:10:17-134
83                android:value="com.google.firebase.components.ComponentRegistrar" />
83-->[:cloud_firestore] AndroidManifest.xml:11:17-82
84            <meta-data
84-->[:firebase_auth] AndroidManifest.xml:9:13-11:85
85                android:name="com.google.firebase.components:io.flutter.plugins.firebase.auth.FlutterFirebaseAuthRegistrar"
85-->[:firebase_auth] AndroidManifest.xml:10:17-124
86                android:value="com.google.firebase.components.ComponentRegistrar" />
86-->[:firebase_auth] AndroidManifest.xml:11:17-82
87            <meta-data
87-->[:firebase_database] AndroidManifest.xml:9:13-11:85
88                android:name="com.google.firebase.components:io.flutter.plugins.firebase.database.FlutterFirebaseAppRegistrar"
88-->[:firebase_database] AndroidManifest.xml:10:17-127
89                android:value="com.google.firebase.components.ComponentRegistrar" />
89-->[:firebase_database] AndroidManifest.xml:11:17-82
90            <meta-data
90-->[:firebase_storage] AndroidManifest.xml:9:13-11:85
91                android:name="com.google.firebase.components:io.flutter.plugins.firebase.storage.FlutterFirebaseAppRegistrar"
91-->[:firebase_storage] AndroidManifest.xml:10:17-126
92                android:value="com.google.firebase.components.ComponentRegistrar" />
92-->[:firebase_storage] AndroidManifest.xml:11:17-82
93            <meta-data
93-->[:firebase_core] AndroidManifest.xml:9:13-11:85
94                android:name="com.google.firebase.components:io.flutter.plugins.firebase.core.FlutterFirebaseCoreRegistrar"
94-->[:firebase_core] AndroidManifest.xml:10:17-124
95                android:value="com.google.firebase.components.ComponentRegistrar" />
95-->[:firebase_core] AndroidManifest.xml:11:17-82
96            <meta-data
96-->[com.google.firebase:firebase-auth-ktx:20.0.1] AndroidManifest.xml:11:13-13:85
97                android:name="com.google.firebase.components:com.google.firebase.auth.ktx.FirebaseAuthKtxRegistrar"
97-->[com.google.firebase:firebase-auth-ktx:20.0.1] AndroidManifest.xml:12:17-116
98                android:value="com.google.firebase.components.ComponentRegistrar" />
98-->[com.google.firebase:firebase-auth-ktx:20.0.1] AndroidManifest.xml:13:17-82
99            <meta-data
99-->[com.google.firebase:firebase-common-ktx:19.4.0] AndroidManifest.xml:15:13-17:85
100                android:name="com.google.firebase.components:com.google.firebase.ktx.FirebaseCommonKtxRegistrar"
100-->[com.google.firebase:firebase-common-ktx:19.4.0] AndroidManifest.xml:16:17-113
101                android:value="com.google.firebase.components.ComponentRegistrar" />
101-->[com.google.firebase:firebase-common-ktx:19.4.0] AndroidManifest.xml:17:17-82
102            <meta-data
102-->[:firebase_ml_vision] AndroidManifest.xml:9:13-11:85
103                android:name="com.google.firebase.components:io.flutter.plugins.firebasemlvision.FlutterFirebaseAppRegistrar"
103-->[:firebase_ml_vision] AndroidManifest.xml:10:17-126
104                android:value="com.google.firebase.components.ComponentRegistrar" />
104-->[:firebase_ml_vision] AndroidManifest.xml:11:17-82
105            <meta-data
105-->[com.google.firebase:firebase-ml-vision:24.1.0] AndroidManifest.xml:12:13-14:85
106                android:name="com.google.firebase.components:com.google.firebase.ml.vision.VisionRegistrar"
106-->[com.google.firebase:firebase-ml-vision:24.1.0] AndroidManifest.xml:13:17-108
107                android:value="com.google.firebase.components.ComponentRegistrar" />
107-->[com.google.firebase:firebase-ml-vision:24.1.0] AndroidManifest.xml:14:17-82
108            <meta-data
108-->[com.google.firebase:firebase-ml-model-interpreter:22.0.4] AndroidManifest.xml:12:13-14:85
109                android:name="com.google.firebase.components:com.google.firebase.ml.custom.CustomModelRegistrar"
109-->[com.google.firebase:firebase-ml-model-interpreter:22.0.4] AndroidManifest.xml:13:17-113
110                android:value="com.google.firebase.components.ComponentRegistrar" />
110-->[com.google.firebase:firebase-ml-model-interpreter:22.0.4] AndroidManifest.xml:14:17-82
111            <meta-data
111-->[com.google.firebase:firebase-ml-common:22.1.2] AndroidManifest.xml:11:13-13:85
112                android:name="com.google.firebase.components:com.google.firebase.ml.common.CommonComponentRegistrar"
112-->[com.google.firebase:firebase-ml-common:22.1.2] AndroidManifest.xml:12:17-117
113                android:value="com.google.firebase.components.ComponentRegistrar" />
113-->[com.google.firebase:firebase-ml-common:22.1.2] AndroidManifest.xml:13:17-82
114            <meta-data
114-->[com.google.firebase:firebase-firestore:22.0.0] AndroidManifest.xml:20:13-22:85
115                android:name="com.google.firebase.components:com.google.firebase.firestore.FirestoreRegistrar"
115-->[com.google.firebase:firebase-firestore:22.0.0] AndroidManifest.xml:21:17-111
116                android:value="com.google.firebase.components.ComponentRegistrar" />
116-->[com.google.firebase:firebase-firestore:22.0.0] AndroidManifest.xml:22:17-82
117            <meta-data
117-->[com.google.firebase:firebase-auth:20.0.1] AndroidManifest.xml:77:13-79:85
118                android:name="com.google.firebase.components:com.google.firebase.auth.FirebaseAuthRegistrar"
118-->[com.google.firebase:firebase-auth:20.0.1] AndroidManifest.xml:78:17-109
119                android:value="com.google.firebase.components.ComponentRegistrar" />
119-->[com.google.firebase:firebase-auth:20.0.1] AndroidManifest.xml:79:17-82
120            <meta-data
120-->[com.google.firebase:firebase-database:19.5.1] AndroidManifest.xml:32:13-34:85
121                android:name="com.google.firebase.components:com.google.firebase.database.DatabaseRegistrar"
121-->[com.google.firebase:firebase-database:19.5.1] AndroidManifest.xml:33:17-109
122                android:value="com.google.firebase.components.ComponentRegistrar" />
122-->[com.google.firebase:firebase-database:19.5.1] AndroidManifest.xml:34:17-82
123            <meta-data
123-->[com.google.firebase:firebase-storage:19.2.0] AndroidManifest.xml:33:13-35:85
124                android:name="com.google.firebase.components:com.google.firebase.storage.StorageRegistrar"
124-->[com.google.firebase:firebase-storage:19.2.0] AndroidManifest.xml:34:17-107
125                android:value="com.google.firebase.components.ComponentRegistrar" />
125-->[com.google.firebase:firebase-storage:19.2.0] AndroidManifest.xml:35:17-82
126            <meta-data
126-->[com.google.android.gms:play-services-measurement-api:18.0.0] AndroidManifest.xml:30:13-32:85
127                android:name="com.google.firebase.components:com.google.firebase.analytics.connector.internal.AnalyticsConnectorRegistrar"
127-->[com.google.android.gms:play-services-measurement-api:18.0.0] AndroidManifest.xml:31:17-139
128                android:value="com.google.firebase.components.ComponentRegistrar" />
128-->[com.google.android.gms:play-services-measurement-api:18.0.0] AndroidManifest.xml:32:17-82
129            <meta-data
129-->[com.google.firebase:firebase-installations:16.3.4] AndroidManifest.xml:18:13-20:85
130                android:name="com.google.firebase.components:com.google.firebase.installations.FirebaseInstallationsRegistrar"
130-->[com.google.firebase:firebase-installations:16.3.4] AndroidManifest.xml:19:17-127
131                android:value="com.google.firebase.components.ComponentRegistrar" />
131-->[com.google.firebase:firebase-installations:16.3.4] AndroidManifest.xml:20:17-82
132        </service>
133
134        <activity
134-->[com.google.android.gms:play-services-auth:19.0.0] AndroidManifest.xml:23:9-27:75
135            android:name="com.google.android.gms.auth.api.signin.internal.SignInHubActivity"
135-->[com.google.android.gms:play-services-auth:19.0.0] AndroidManifest.xml:24:13-93
136            android:excludeFromRecents="true"
136-->[com.google.android.gms:play-services-auth:19.0.0] AndroidManifest.xml:25:13-46
137            android:exported="false"
137-->[com.google.android.gms:play-services-auth:19.0.0] AndroidManifest.xml:26:13-37
138            android:theme="@android:style/Theme.Translucent.NoTitleBar" />
138-->[com.google.android.gms:play-services-auth:19.0.0] AndroidManifest.xml:27:13-72
139        <!--
140            Service handling Google Sign-In user revocation. For apps that do not integrate with
141            Google Sign-In, this service will never be started.
142        -->
143        <service
143-->[com.google.android.gms:play-services-auth:19.0.0] AndroidManifest.xml:33:9-37:51
144            android:name="com.google.android.gms.auth.api.signin.RevocationBoundService"
144-->[com.google.android.gms:play-services-auth:19.0.0] AndroidManifest.xml:34:13-89
145            android:exported="true"
145-->[com.google.android.gms:play-services-auth:19.0.0] AndroidManifest.xml:35:13-36
146            android:permission="com.google.android.gms.auth.api.signin.permission.REVOCATION_NOTIFICATION"
146-->[com.google.android.gms:play-services-auth:19.0.0] AndroidManifest.xml:36:13-107
147            android:visibleToInstantApps="true" />
147-->[com.google.android.gms:play-services-auth:19.0.0] AndroidManifest.xml:37:13-48
148
149        <provider
149-->[:image_picker] AndroidManifest.xml:11:9-19:20
150            android:name="io.flutter.plugins.imagepicker.ImagePickerFileProvider"
150-->[:image_picker] AndroidManifest.xml:12:13-82
151            android:authorities="coeai.kkm.FaceNet.flutter.image_provider"
151-->[:image_picker] AndroidManifest.xml:13:13-74
152            android:exported="false"
152-->[:image_picker] AndroidManifest.xml:14:13-37
153            android:grantUriPermissions="true" >
153-->[:image_picker] AndroidManifest.xml:15:13-47
154            <meta-data
154-->[:image_picker] AndroidManifest.xml:16:13-18:75
155                android:name="android.support.FILE_PROVIDER_PATHS"
155-->[:image_picker] AndroidManifest.xml:17:17-67
156                android:resource="@xml/flutter_image_picker_file_paths" />
156-->[:image_picker] AndroidManifest.xml:18:17-72
157        </provider>
158
159        <activity
159-->[:flutter_inappwebview] AndroidManifest.xml:8:9-11:47
160            android:name="com.pichillilorenzo.flutter_inappwebview.InAppBrowser.InAppBrowserActivity"
160-->[:flutter_inappwebview] AndroidManifest.xml:9:13-102
161            android:configChanges="orientation|screenSize"
161-->[:flutter_inappwebview] AndroidManifest.xml:10:13-59
162            android:theme="@style/AppTheme" />
162-->[:flutter_inappwebview] AndroidManifest.xml:11:13-44
163        <activity
163-->[:flutter_inappwebview] AndroidManifest.xml:12:9-15:55
164            android:name="com.pichillilorenzo.flutter_inappwebview.ChromeCustomTabs.ChromeCustomTabsActivity"
164-->[:flutter_inappwebview] AndroidManifest.xml:13:13-110
165            android:configChanges="orientation|screenSize"
165-->[:flutter_inappwebview] AndroidManifest.xml:14:13-59
166            android:theme="@style/ThemeTransparent" />
166-->[:flutter_inappwebview] AndroidManifest.xml:15:13-52
167
168        <receiver android:name="com.pichillilorenzo.flutter_inappwebview.ChromeCustomTabs.ActionBroadcastReceiver" />
168-->[:flutter_inappwebview] AndroidManifest.xml:17:9-118
168-->[:flutter_inappwebview] AndroidManifest.xml:17:19-115
169
170        <activity
170-->[:url_launcher] AndroidManifest.xml:8:9-11:74
171            android:name="io.flutter.plugins.urllauncher.WebViewActivity"
171-->[:url_launcher] AndroidManifest.xml:9:13-74
172            android:exported="false"
172-->[:url_launcher] AndroidManifest.xml:10:13-37
173            android:theme="@android:style/Theme.NoTitleBar.Fullscreen" />
173-->[:url_launcher] AndroidManifest.xml:11:13-71
174        <activity
174-->[com.google.firebase:firebase-auth:20.0.1] AndroidManifest.xml:27:9-44:20
175            android:name="com.google.firebase.auth.internal.GenericIdpActivity"
175-->[com.google.firebase:firebase-auth:20.0.1] AndroidManifest.xml:28:13-80
176            android:excludeFromRecents="true"
176-->[com.google.firebase:firebase-auth:20.0.1] AndroidManifest.xml:29:13-46
177            android:exported="true"
177-->[com.google.firebase:firebase-auth:20.0.1] AndroidManifest.xml:30:13-36
178            android:launchMode="singleTask"
178-->[com.google.firebase:firebase-auth:20.0.1] AndroidManifest.xml:31:13-44
179            android:theme="@android:style/Theme.Translucent.NoTitleBar" >
179-->[com.google.firebase:firebase-auth:20.0.1] AndroidManifest.xml:32:13-72
180            <intent-filter>
180-->[com.google.firebase:firebase-auth:20.0.1] AndroidManifest.xml:33:13-43:29
181                <action android:name="android.intent.action.VIEW" />
181-->[com.google.firebase:firebase-auth:20.0.1] AndroidManifest.xml:34:17-69
181-->[com.google.firebase:firebase-auth:20.0.1] AndroidManifest.xml:34:25-66
182
183                <category android:name="android.intent.category.DEFAULT" />
183-->[com.google.firebase:firebase-auth:20.0.1] AndroidManifest.xml:36:17-76
183-->[com.google.firebase:firebase-auth:20.0.1] AndroidManifest.xml:36:27-73
184                <category android:name="android.intent.category.BROWSABLE" />
184-->[com.google.firebase:firebase-auth:20.0.1] AndroidManifest.xml:37:17-78
184-->[com.google.firebase:firebase-auth:20.0.1] AndroidManifest.xml:37:27-75
185
186                <data
186-->[com.google.firebase:firebase-auth:20.0.1] AndroidManifest.xml:39:17-42:51
187                    android:host="firebase.auth"
187-->[com.google.firebase:firebase-auth:20.0.1] AndroidManifest.xml:40:21-49
188                    android:path="/"
188-->[com.google.firebase:firebase-auth:20.0.1] AndroidManifest.xml:41:21-37
189                    android:scheme="genericidp" />
189-->[com.google.firebase:firebase-auth:20.0.1] AndroidManifest.xml:42:21-48
190            </intent-filter>
191        </activity>
192        <activity
192-->[com.google.firebase:firebase-auth:20.0.1] AndroidManifest.xml:45:9-62:20
193            android:name="com.google.firebase.auth.internal.RecaptchaActivity"
193-->[com.google.firebase:firebase-auth:20.0.1] AndroidManifest.xml:46:13-79
194            android:excludeFromRecents="true"
194-->[com.google.firebase:firebase-auth:20.0.1] AndroidManifest.xml:47:13-46
195            android:exported="true"
195-->[com.google.firebase:firebase-auth:20.0.1] AndroidManifest.xml:48:13-36
196            android:launchMode="singleTask"
196-->[com.google.firebase:firebase-auth:20.0.1] AndroidManifest.xml:49:13-44
197            android:theme="@android:style/Theme.Translucent.NoTitleBar" >
197-->[com.google.firebase:firebase-auth:20.0.1] AndroidManifest.xml:50:13-72
198            <intent-filter>
198-->[com.google.firebase:firebase-auth:20.0.1] AndroidManifest.xml:51:13-61:29
199                <action android:name="android.intent.action.VIEW" />
199-->[com.google.firebase:firebase-auth:20.0.1] AndroidManifest.xml:34:17-69
199-->[com.google.firebase:firebase-auth:20.0.1] AndroidManifest.xml:34:25-66
200
201                <category android:name="android.intent.category.DEFAULT" />
201-->[com.google.firebase:firebase-auth:20.0.1] AndroidManifest.xml:36:17-76
201-->[com.google.firebase:firebase-auth:20.0.1] AndroidManifest.xml:36:27-73
202                <category android:name="android.intent.category.BROWSABLE" />
202-->[com.google.firebase:firebase-auth:20.0.1] AndroidManifest.xml:37:17-78
202-->[com.google.firebase:firebase-auth:20.0.1] AndroidManifest.xml:37:27-75
203
204                <data
204-->[com.google.firebase:firebase-auth:20.0.1] AndroidManifest.xml:39:17-42:51
205                    android:host="firebase.auth"
205-->[com.google.firebase:firebase-auth:20.0.1] AndroidManifest.xml:40:21-49
206                    android:path="/"
206-->[com.google.firebase:firebase-auth:20.0.1] AndroidManifest.xml:41:21-37
207                    android:scheme="recaptcha" />
207-->[com.google.firebase:firebase-auth:20.0.1] AndroidManifest.xml:42:21-48
208            </intent-filter>
209        </activity>
210
211        <service
211-->[com.google.firebase:firebase-auth:20.0.1] AndroidManifest.xml:64:9-73:19
212            android:name="com.google.firebase.auth.api.fallback.service.FirebaseAuthFallbackService"
212-->[com.google.firebase:firebase-auth:20.0.1] AndroidManifest.xml:65:13-101
213            android:enabled="true"
213-->[com.google.firebase:firebase-auth:20.0.1] AndroidManifest.xml:66:13-35
214            android:exported="false" >
214-->[com.google.firebase:firebase-auth:20.0.1] AndroidManifest.xml:67:13-37
215            <intent-filter>
215-->[com.google.firebase:firebase-auth:20.0.1] AndroidManifest.xml:68:13-72:29
216                <action android:name="com.google.firebase.auth.api.gms.service.START" />
216-->[com.google.firebase:firebase-auth:20.0.1] AndroidManifest.xml:69:17-89
216-->[com.google.firebase:firebase-auth:20.0.1] AndroidManifest.xml:69:25-86
217
218                <category android:name="android.intent.category.DEFAULT" />
218-->[com.google.firebase:firebase-auth:20.0.1] AndroidManifest.xml:36:17-76
218-->[com.google.firebase:firebase-auth:20.0.1] AndroidManifest.xml:36:27-73
219            </intent-filter>
220        </service>
221
222        <provider
222-->[com.google.firebase:firebase-common:19.4.0] AndroidManifest.xml:26:9-31:39
223            android:name="com.google.firebase.provider.FirebaseInitProvider"
223-->[com.google.firebase:firebase-common:19.4.0] AndroidManifest.xml:27:13-77
224            android:authorities="coeai.kkm.FaceNet.firebaseinitprovider"
224-->[com.google.firebase:firebase-common:19.4.0] AndroidManifest.xml:28:13-72
225            android:directBootAware="true"
225-->[com.google.firebase:firebase-common:19.4.0] AndroidManifest.xml:29:13-43
226            android:exported="false"
226-->[com.google.firebase:firebase-common:19.4.0] AndroidManifest.xml:30:13-37
227            android:initOrder="100" />
227-->[com.google.firebase:firebase-common:19.4.0] AndroidManifest.xml:31:13-36
228
229        <activity
229-->[com.google.android.gms:play-services-base:17.1.0] AndroidManifest.xml:23:9-26:75
230            android:name="com.google.android.gms.common.api.GoogleApiActivity"
230-->[com.google.android.gms:play-services-base:17.1.0] AndroidManifest.xml:24:13-79
231            android:exported="false"
231-->[com.google.android.gms:play-services-base:17.1.0] AndroidManifest.xml:25:13-37
232            android:theme="@android:style/Theme.Translucent.NoTitleBar" />
232-->[com.google.android.gms:play-services-base:17.1.0] AndroidManifest.xml:26:13-72
233
234        <receiver
234-->[com.google.android.gms:play-services-measurement:18.0.0] AndroidManifest.xml:29:9-33:20
235            android:name="com.google.android.gms.measurement.AppMeasurementReceiver"
235-->[com.google.android.gms:play-services-measurement:18.0.0] AndroidManifest.xml:30:13-85
236            android:enabled="true"
236-->[com.google.android.gms:play-services-measurement:18.0.0] AndroidManifest.xml:31:13-35
237            android:exported="false" >
237-->[com.google.android.gms:play-services-measurement:18.0.0] AndroidManifest.xml:32:13-37
238        </receiver>
239
240        <service
240-->[com.google.android.gms:play-services-measurement:18.0.0] AndroidManifest.xml:35:9-38:40
241            android:name="com.google.android.gms.measurement.AppMeasurementService"
241-->[com.google.android.gms:play-services-measurement:18.0.0] AndroidManifest.xml:36:13-84
242            android:enabled="true"
242-->[com.google.android.gms:play-services-measurement:18.0.0] AndroidManifest.xml:37:13-35
243            android:exported="false" />
243-->[com.google.android.gms:play-services-measurement:18.0.0] AndroidManifest.xml:38:13-37
244        <service
244-->[com.google.android.gms:play-services-measurement:18.0.0] AndroidManifest.xml:39:9-43:72
245            android:name="com.google.android.gms.measurement.AppMeasurementJobService"
245-->[com.google.android.gms:play-services-measurement:18.0.0] AndroidManifest.xml:40:13-87
246            android:enabled="true"
246-->[com.google.android.gms:play-services-measurement:18.0.0] AndroidManifest.xml:41:13-35
247            android:exported="false"
247-->[com.google.android.gms:play-services-measurement:18.0.0] AndroidManifest.xml:42:13-37
248            android:permission="android.permission.BIND_JOB_SERVICE" />
248-->[com.google.android.gms:play-services-measurement:18.0.0] AndroidManifest.xml:43:13-69
249
250        <meta-data
250-->[com.google.android.gms:play-services-basement:17.1.1] AndroidManifest.xml:23:9-25:69
251            android:name="com.google.android.gms.version"
251-->[com.google.android.gms:play-services-basement:17.1.1] AndroidManifest.xml:24:13-58
252            android:value="@integer/google_play_services_version" />
252-->[com.google.android.gms:play-services-basement:17.1.1] AndroidManifest.xml:25:13-66
253    </application>
254
255</manifest>